c:\users\home\source\repos\sea battle online))\sea battle online))\x64\debug\vc143.pdb
c:\users\home\source\repos\sea battle online))\sea battle online))\x64\debug\vc143.idb
c:\users\home\source\repos\sea battle online))\sea battle online))\x64\debug\network.obj
c:\users\home\source\repos\sea battle online))\sea battle online))\x64\debug\bot.obj
c:\users\home\source\repos\sea battle online))\sea battle online))\x64\debug\visual.obj
c:\users\home\source\repos\sea battle online))\sea battle online))\x64\debug\unittest.obj
c:\users\home\source\repos\sea battle online))\sea battle online))\x64\debug\mainlogics.obj
c:\users\home\source\repos\sea battle online))\sea battle online))\x64\debug\main.obj
c:\users\home\source\repos\sea battle online))\x64\debug\sea battle online)).exe
c:\users\home\source\repos\sea battle online))\x64\debug\sea battle online)).pdb
c:\users\home\source\repos\sea battle online))\sea battle online))\x64\debug\sea battle online)).ilk
c:\users\home\source\repos\sea battle online))\sea battle online))\x64\debug\main.obj.enc
c:\users\home\source\repos\sea battle online))\sea battle online))\x64\debug\mainlogics.obj.enc
c:\users\home\source\repos\sea battle online))\sea battle online))\x64\debug\unittest.obj.enc
c:\users\home\source\repos\sea battle online))\sea battle online))\x64\debug\visual.obj.enc
c:\users\home\source\repos\sea battle online))\sea battle online))\x64\debug\sea batt.49277dc8.tlog\cl.command.1.tlog
c:\users\home\source\repos\sea battle online))\sea battle online))\x64\debug\sea batt.49277dc8.tlog\cl.items.tlog
c:\users\home\source\repos\sea battle online))\sea battle online))\x64\debug\sea batt.49277dc8.tlog\cl.read.1.tlog
c:\users\home\source\repos\sea battle online))\sea battle online))\x64\debug\sea batt.49277dc8.tlog\cl.write.1.tlog
c:\users\home\source\repos\sea battle online))\sea battle online))\x64\debug\sea batt.49277dc8.tlog\link.command.1.tlog
c:\users\home\source\repos\sea battle online))\sea battle online))\x64\debug\sea batt.49277dc8.tlog\link.read.1.tlog
c:\users\home\source\repos\sea battle online))\sea battle online))\x64\debug\sea batt.49277dc8.tlog\link.secondary.1.tlog
c:\users\home\source\repos\sea battle online))\sea battle online))\x64\debug\sea batt.49277dc8.tlog\link.write.1.tlog
